[INFO] Bootstrap started
[2025-07-31 12:40:42] Bootstrap started
[12:41:02] Bootstrap started
[TRACE] Bootstrap started
[TRACE] Bootstrap started!!
[TRACE] Bootstrap started
[TRACE] Kernel started
[TRACE] Kernel handle
[TRACE] back to index. Send response
[TRACE] Bootstrap started
[TRACE] Kernel started
[TRACE] Kernel handle
[TRACE] back to index. Send response
[ERROR] View [auth/registered] not found. Tried:
/var/www/html/resources/views/auth/registered.blade.php
/var/www/html/resources/views/auth/registered.php
[ERROR] Cannot access offset of type string on string
[ERROR] Cannot access offset of type string on string
[ERROR] Cannot access offset of type string on string
[ERROR] Cannot access offset of type string on string
[ERROR] View [auth/registered] not found. Tried:
/var/www/html/resources/views/auth/registered.blade.php
/var/www/html/resources/views/auth/registered.php
[ERROR] View [auth/registered] not found. Tried:
/var/www/html/resources/views/auth/registered.blade.php
/var/www/html/resources/views/auth/registered.php
[ERROR] [Faravel\Database] DB connection failed: SQLSTATE[HY000] [2002] Connection refused
[ERROR] [Faravel\Database] DB connection failed: SQLSTATE[HY000] [1045] Access denied for user 'user'@'172.24.0.5' (using password: NO)
[ERROR] Call to undefined method Faravel\Database\QueryBuilder::count()
[ERROR] Call to undefined method Faravel\Database\QueryBuilder::count()
[ERROR] Call to undefined method Faravel\Database\QueryBuilder::count()
[ERROR] Call to undefined method Faravel\Database\QueryBuilder::count()
[ERROR] Call to undefined method Faravel\Database\QueryBuilder::count()
[ERROR] Call to undefined method Faravel\Database\QueryBuilder::count()
[ERROR] SQLSTATE[42S22]: Column not found: 1054 Unknown column 'created_at' in 'field list'
[ERROR] Call to undefined method Faravel\Auth\Auth::login()
[ERROR] Call to undefined method Faravel\Auth\Auth::login()
[ERROR] SQLSTATE[42000]: Syntax error or access violation: 1064 You have an error in your SQL syntax; check the manual that corresponds to your MySQL server version for the right syntax to use near 'key = ? LIMIT 1' at line 1
[ERROR] SQLSTATE[42000]: Syntax error or access violation: 1064 You have an error in your SQL syntax; check the manual that corresponds to your MySQL server version for the right syntax to use near 'key = ? LIMIT 1' at line 1
[ERROR] SQLSTATE[42000]: Syntax error or access violation: 1064 You have an error in your SQL syntax; check the manual that corresponds to your MySQL server version for the right syntax to use near 'key = ? LIMIT 1' at line 1
[ERROR] Call to undefined method Faravel\Database\QueryBuilder::orderBy()
[ERROR] Call to undefined method Faravel\Database\QueryBuilder::orderBy()
[ERROR] Call to undefined method Faravel\Database\QueryBuilder::orderBy()
[ERROR] Call to undefined method Faravel\Database\QueryBuilder::orderBy()
[ERROR] View [admin.categories] not found. Tried:
/var/www/html/resources/views/admin/categories.blade.php
/var/www/html/resources/views/admin/categories.php
[ERROR] View [admin.categories] not found. Tried:
/var/www/html/resources/views/admin/categories.blade.php
/var/www/html/resources/views/admin/categories.php
[ERROR] View [admin.categories] not found. Tried:
/var/www/html/resources/views/admin/categories.blade.php
/var/www/html/resources/views/admin/categories.php
[ERROR] View [admin.categories] not found. Tried:
/var/www/html/resources/views/admin/categories.blade.php
/var/www/html/resources/views/admin/categories.php
[ERROR] SQLSTATE[42S22]: Column not found: 1054 Unknown column 'name' in 'field list'
[ERROR] SQLSTATE[HY000]: General error: 1364 Field 'id' doesn't have a default value
[ERROR] Method 'category' not defined in controller 'App\Http\Controllers\ForumController'.
[ERROR] Method 'category' not defined in controller 'App\Http\Controllers\ForumController'.
[ERROR] Call to undefined method Faravel\View\ViewFactory::share()
[ERROR] Too few arguments to function Faravel\Database\QueryBuilder::where(), 2 passed in /var/www/html/app/Http/Controllers/ProfileController.php on line 54 and exactly 3 expected
[ERROR] Too few arguments to function Faravel\Database\QueryBuilder::where(), 2 passed in /var/www/html/app/Http/Controllers/ProfileController.php on line 19 and exactly 3 expected
[ERROR] Too few arguments to function Faravel\Database\QueryBuilder::where(), 2 passed in /var/www/html/app/Http/Controllers/ProfileController.php on line 19 and exactly 3 expected
[ERROR] Too few arguments to function Faravel\Database\QueryBuilder::where(), 2 passed in /var/www/html/app/Http/Controllers/ProfileController.php on line 19 and exactly 3 expected
[ERROR] Too few arguments to function Faravel\Database\QueryBuilder::where(), 2 passed in /var/www/html/app/Http/Controllers/ProfileController.php on line 19 and exactly 3 expected
[ERROR] SQLSTATE[42S22]: Column not found: 1054 Unknown column 'email' in 'field list'
[ERROR] SQLSTATE[42S22]: Column not found: 1054 Unknown column 'email' in 'field list'
[ERROR] SQLSTATE[42S22]: Column not found: 1054 Unknown column 'email' in 'field list'
